This is pdfTeX, Version 3.141592653-2.6-1.40.27 (TeX Live 2025) (preloaded format=pdflatex 2025.9.26)  12 DEC 2025 00:14
entering extended mode
 restricted \write18 enabled.
 file:line:error style messages enabled.
 %&-line parsing enabled.
**/Users/quielq/Documents/upd/ai-projects/ai201/FoodClassifier/Quiwa_Salvador_FoodClassifier_Report/Quiwa_Salvador_FoodClassifier.tex
(/Users/quielq/Documents/upd/ai-projects/ai201/FoodClassifier/Quiwa_Salvador_FoodClassifier_Report/Quiwa_Salvador_FoodClassifier.tex
LaTeX2e <2024-11-01> patch level 2
L3 programming layer <2025-01-18>
(./acm_proc_article-sp.cls (/usr/local/texlive/2025/texmf-dist/tex/latex/graphics/epsfig.sty
Package: epsfig 2024/01/14 v1.7b (e)psfig emulation (SPQR)
 (/usr/local/texlive/2025/texmf-dist/tex/latex/graphics/graphicx.sty
Package: graphicx 2021/09/16 v1.2d Enhanced LaTeX Graphics (DPC,SPQR)
 (/usr/local/texlive/2025/texmf-dist/tex/latex/graphics/keyval.sty
Package: keyval 2022/05/29 v1.15 key=value parser (DPC)
\KV@toks@=\toks17
) (/usr/local/texlive/2025/texmf-dist/tex/latex/graphics/graphics.sty
Package: graphics 2024/08/06 v1.4g Standard LaTeX Graphics (DPC,SPQR)
 (/usr/local/texlive/2025/texmf-dist/tex/latex/graphics/trig.sty
Package: trig 2023/12/02 v1.11 sin cos tan (DPC)
) (/usr/local/texlive/2025/texmf-dist/tex/latex/graphics-cfg/graphics.cfg
File: graphics.cfg 2016/06/04 v1.11 sample graphics configuration
)
Package graphics Info: Driver file: pdftex.def on input line 106.
 (/usr/local/texlive/2025/texmf-dist/tex/latex/graphics-def/pdftex.def
File: pdftex.def 2024/04/13 v1.2c Graphics/color driver for pdftex
))
\Gin@req@height=\dimen141
\Gin@req@width=\dimen142
)
\epsfxsize=\dimen143
\epsfysize=\dimen144
) (/usr/local/texlive/2025/texmf-dist/tex/latex/amsfonts/amssymb.sty
Package: amssymb 2013/01/14 v3.01 AMS font symbols
 (/usr/local/texlive/2025/texmf-dist/tex/latex/amsfonts/amsfonts.sty
Package: amsfonts 2013/01/14 v3.01 Basic AMSFonts support
\@emptytoks=\toks18
\symAMSa=\mathgroup4
\symAMSb=\mathgroup5
LaTeX Font Info:    Redeclaring math symbol \hbar on input line 98.
LaTeX Font Info:    Overwriting math alphabet `\mathfrak' in version `bold'
(Font)                  U/euf/m/n --> U/euf/b/n on input line 106.
)) (/usr/local/texlive/2025/texmf-dist/tex/latex/amsmath/amsmath.sty
Package: amsmath 2024/11/05 v2.17t AMS math features
\@mathmargin=\skip49

For additional information on amsmath, use the `?' option.
(/usr/local/texlive/2025/texmf-dist/tex/latex/amsmath/amstext.sty
Package: amstext 2021/08/26 v2.01 AMS text
 (/usr/local/texlive/2025/texmf-dist/tex/latex/amsmath/amsgen.sty
File: amsgen.sty 1999/11/30 v2.0 generic functions
\@emptytoks=\toks19
\ex@=\dimen145
)) (/usr/local/texlive/2025/texmf-dist/tex/latex/amsmath/amsbsy.sty
Package: amsbsy 1999/11/29 v1.2d Bold Symbols
\pmbraise@=\dimen146
) (/usr/local/texlive/2025/texmf-dist/tex/latex/amsmath/amsopn.sty
Package: amsopn 2022/04/08 v2.04 operator names
)
\inf@bad=\count196
LaTeX Info: Redefining \frac on input line 233.
\uproot@=\count197
\leftroot@=\count198
LaTeX Info: Redefining \overline on input line 398.
LaTeX Info: Redefining \colon on input line 409.
\classnum@=\count199
\DOTSCASE@=\count266
LaTeX Info: Redefining \ldots on input line 495.
LaTeX Info: Redefining \dots on input line 498.
LaTeX Info: Redefining \cdots on input line 619.
\Mathstrutbox@=\box52
\strutbox@=\box53
LaTeX Info: Redefining \big on input line 721.
LaTeX Info: Redefining \Big on input line 722.
LaTeX Info: Redefining \bigg on input line 723.
LaTeX Info: Redefining \Bigg on input line 724.
\big@size=\dimen147
LaTeX Font Info:    Redeclaring font encoding OML on input line 742.
LaTeX Font Info:    Redeclaring font encoding OMS on input line 743.
\macc@depth=\count267
LaTeX Info: Redefining \bmod on input line 904.
LaTeX Info: Redefining \pmod on input line 909.
LaTeX Info: Redefining \smash on input line 939.
LaTeX Info: Redefining \relbar on input line 969.
LaTeX Info: Redefining \Relbar on input line 970.
\c@MaxMatrixCols=\count268
\dotsspace@=\muskip17
\c@parentequation=\count269
\dspbrk@lvl=\count270
\tag@help=\toks20
\row@=\count271
\column@=\count272
\maxfields@=\count273
\andhelp@=\toks21
\eqnshift@=\dimen148
\alignsep@=\dimen149
\tagshift@=\dimen150
\tagwidth@=\dimen151
\totwidth@=\dimen152
\lineht@=\dimen153
\@envbody=\toks22
\multlinegap=\skip50
\multlinetaggap=\skip51
\mathdisplay@stack=\toks23
LaTeX Info: Redefining \[ on input line 2953.
LaTeX Info: Redefining \] on input line 2954.
)
Document Class 'acm_proc_article-sp' <24th. Feb. '00>. Modified by G.K.M. Tobin
Based in part upon document Style `acmconf' <22 May 89>. Hacked 4/91 by
shivers@cs.cmu.edu, 4/93 by theobald@cs.mcgill.ca
Excerpts were taken from (Journal Style) 'esub2acm.cls'.
****** Bugs/comments/suggestions to Gerry Murray -- murray@hq.acm.org ******
\footheight=\dimen154
\@maxsep=\dimen155
\@dblmaxsep=\dimen156
\aucount=\count274
\originalaucount=\count275
\auwidth=\dimen157
\auskip=\dimen158
\auskipcount=\count276
\auskip=\dimen159
\allauboxes=\dimen160
\addauthors=\toks24
\addauflag=\count277
\subtitletext=\toks25
\savesection=\count278
\sectioncntr=\count279
\c@figure=\count280
\c@table=\count281
\titleboxnotes=\toks26
\titleboxnoteflag=\count282
Document Class: acm_proc_article-sp 2000/02/24 - V2.01SP - based on esub2acm.sty <23 April 96>
(/usr/local/texlive/2025/texmf-dist/tex/latex/base/latexsym.sty
Package: latexsym 1998/08/17 v2.2e Standard LaTeX package (lasy symbols)
\symlasy=\mathgroup6
LaTeX Font Info:    Overwriting symbol font `lasy' in version `bold'
(Font)                  U/lasy/m/n --> U/lasy/b/n on input line 52.
)
\@acmtitlebox=\box54
\titlenotecount=\count283
\tntoks=\toks27
\tntokstwo=\toks28
\tntoksthree=\toks29
\tntoksfour=\toks30
\tntoksfive=\toks31
\catcount=\count284
\conf=\toks32
\confinfo=\toks33
\c@part=\count285


LaTeX Warning: Command `\thepart' already defined -- not changed on input line 920.

\c@section=\count286

LaTeX Warning: Command `\thesection' already defined -- not changed on input line 921.

\c@subsection=\count287

LaTeX Warning: Command `\thesubsection' already defined -- not changed on input line 922.

\c@subsubsection=\count288

LaTeX Warning: Command `\thesubsubsection' already defined -- not changed on input line 923.

\c@paragraph=\count289

LaTeX Warning: Command `\theparagraph' already defined -- not changed on input line 924.

Using 'Abbrev' bibliography style
\bibindent=\dimen161
\colcntr=\count290
\savebox=\box55
\copyrtyr=\toks34
\acmcopyr=\toks35
\boilerplate=\toks36
\copyrightetc=\toks37
) (/usr/local/texlive/2025/texmf-dist/tex/latex/booktabs/booktabs.sty
Package: booktabs 2020/01/12 v1.61803398 Publication quality tables
\heavyrulewidth=\dimen162
\lightrulewidth=\dimen163
\cmidrulewidth=\dimen164
\belowrulesep=\dimen165
\belowbottomsep=\dimen166
\aboverulesep=\dimen167
\abovetopsep=\dimen168
\cmidrulesep=\dimen169
\cmidrulekern=\dimen170
\defaultaddspace=\dimen171
\@cmidla=\count291
\@cmidlb=\count292
\@aboverulesep=\dimen172
\@belowrulesep=\dimen173
\@thisruleclass=\count293
\@lastruleclass=\count294
\@thisrulewidth=\dimen174
) (/usr/local/texlive/2025/texmf-dist/tex/latex/tools/array.sty
Package: array 2024/10/17 v2.6g Tabular extension package (FMi)
\col@sep=\dimen175
\ar@mcellbox=\box56
\extrarowheight=\dimen176
\NC@list=\toks38
\extratabsurround=\skip52
\backup@length=\skip53
\ar@cellbox=\box57
) (/usr/local/texlive/2025/texmf-dist/tex/latex/tools/longtable.sty
Package: longtable 2024-10-27 v4.22 Multi-page Table package (DPC)
\LTleft=\skip54
\LTright=\skip55
\LTpre=\skip56
\LTpost=\skip57
\LTchunksize=\count295
\LTcapwidth=\dimen177
\LT@head=\box58
\LT@firsthead=\box59
\LT@foot=\box60
\LT@lastfoot=\box61
\LT@gbox=\box62
\LT@cols=\count296
\LT@rows=\count297
\c@LT@tables=\count298
\c@LT@chunks=\count299
\LT@p@ftn=\toks39
) (/usr/local/texlive/2025/texmf-dist/tex/latex/base/inputenc.sty
Package: inputenc 2024/02/08 v1.3d Input encoding file
\inpenc@prehook=\toks40
\inpenc@posthook=\toks41
) (/usr/local/texlive/2025/texmf-dist/tex/latex/base/fontenc.sty
Package: fontenc 2021/04/29 v2.0v Standard LaTeX package
) (/usr/local/texlive/2025/texmf-dist/tex/latex/lm/lmodern.sty
Package: lmodern 2015/05/01 v1.6.1 Latin Modern Fonts
LaTeX Font Info:    Overwriting symbol font `operators' in version `normal'
(Font)                  OT1/cmr/m/n --> OT1/lmr/m/n on input line 22.
LaTeX Font Info:    Overwriting symbol font `letters' in version `normal'
(Font)                  OML/cmm/m/it --> OML/lmm/m/it on input line 23.
LaTeX Font Info:    Overwriting symbol font `symbols' in version `normal'
(Font)                  OMS/cmsy/m/n --> OMS/lmsy/m/n on input line 24.
LaTeX Font Info:    Overwriting symbol font `largesymbols' in version `normal'
(Font)                  OMX/cmex/m/n --> OMX/lmex/m/n on input line 25.
LaTeX Font Info:    Overwriting symbol font `operators' in version `bold'
(Font)                  OT1/cmr/bx/n --> OT1/lmr/bx/n on input line 26.
LaTeX Font Info:    Overwriting symbol font `letters' in version `bold'
(Font)                  OML/cmm/b/it --> OML/lmm/b/it on input line 27.
LaTeX Font Info:    Overwriting symbol font `symbols' in version `bold'
(Font)                  OMS/cmsy/b/n --> OMS/lmsy/b/n on input line 28.
LaTeX Font Info:    Overwriting symbol font `largesymbols' in version `bold'
(Font)                  OMX/cmex/m/n --> OMX/lmex/m/n on input line 29.
LaTeX Font Info:    Overwriting math alphabet `\mathbf' in version `normal'
(Font)                  OT1/cmr/bx/n --> OT1/lmr/bx/n on input line 31.
LaTeX Font Info:    Overwriting math alphabet `\mathsf' in version `normal'
(Font)                  OT1/cmss/m/n --> OT1/lmss/m/n on input line 32.
LaTeX Font Info:    Overwriting math alphabet `\mathit' in version `normal'
(Font)                  OT1/cmr/m/it --> OT1/lmr/m/it on input line 33.
LaTeX Font Info:    Overwriting math alphabet `\mathtt' in version `normal'
(Font)                  OT1/cmtt/m/n --> OT1/lmtt/m/n on input line 34.
LaTeX Font Info:    Overwriting math alphabet `\mathbf' in version `bold'
(Font)                  OT1/cmr/bx/n --> OT1/lmr/bx/n on input line 35.
LaTeX Font Info:    Overwriting math alphabet `\mathsf' in version `bold'
(Font)                  OT1/cmss/bx/n --> OT1/lmss/bx/n on input line 36.
LaTeX Font Info:    Overwriting math alphabet `\mathit' in version `bold'
(Font)                  OT1/cmr/bx/it --> OT1/lmr/bx/it on input line 37.
LaTeX Font Info:    Overwriting math alphabet `\mathtt' in version `bold'
(Font)                  OT1/cmtt/m/n --> OT1/lmtt/m/n on input line 38.
) (/usr/local/texlive/2025/texmf-dist/tex/latex/float/float.sty
Package: float 2001/11/08 v1.3d Float enhancements (AL)
\c@float@type=\count300
\float@exts=\toks42
\float@box=\box63
\@float@everytoks=\toks43
\@floatcapt=\box64
) (/usr/local/texlive/2025/texmf-dist/tex/latex/multirow/multirow.sty
Package: multirow 2024/11/12 v2.9 Span multiple rows of a table
\multirow@colwidth=\skip58
\multirow@cntb=\count301
\multirow@dima=\skip59
\bigstrutjot=\dimen178
) (/usr/local/texlive/2025/texmf-dist/tex/latex/listings/listings.sty
\lst@mode=\count302
\lst@gtempboxa=\box65
\lst@token=\toks44
\lst@length=\count303
\lst@currlwidth=\dimen179
\lst@column=\count304
\lst@pos=\count305
\lst@lostspace=\dimen180
\lst@width=\dimen181
\lst@newlines=\count306
\lst@lineno=\count307
\abovecaptionskip=\skip60
\belowcaptionskip=\skip61
\lst@maxwidth=\dimen182
 (/usr/local/texlive/2025/texmf-dist/tex/latex/listings/lstpatch.sty
File: lstpatch.sty 2024/09/23 1.10c (Carsten Heinz)
) (/usr/local/texlive/2025/texmf-dist/tex/latex/listings/lstmisc.sty
File: lstmisc.sty 2024/09/23 1.10c (Carsten Heinz)
\c@lstnumber=\count308
\lst@skipnumbers=\count309
\lst@framebox=\box66
) (/usr/local/texlive/2025/texmf-dist/tex/latex/listings/listings.cfg
File: listings.cfg 2024/09/23 1.10c listings configuration
))
Package: listings 2024/09/23 1.10c (Carsten Heinz)
 (/usr/local/texlive/2025/texmf-dist/tex/latex/url/url.sty
\Urlmuskip=\muskip18
Package: url 2013/09/16  ver 3.4  Verb mode for urls, etc.
) (/usr/local/texlive/2025/texmf-dist/tex/latex/tools/tabularx.sty
Package: tabularx 2023/12/11 v2.12a `tabularx' package (DPC)
\TX@col@width=\dimen183
\TX@old@table=\dimen184
\TX@old@col=\dimen185
\TX@target=\dimen186
\TX@delta=\dimen187
\TX@cols=\count310
\TX@ftn=\toks45
) (/usr/local/texlive/2025/texmf-dist/tex/latex/xcolor/xcolor.sty
Package: xcolor 2024/09/29 v3.02 LaTeX color extensions (UK)
 (/usr/local/texlive/2025/texmf-dist/tex/latex/graphics-cfg/color.cfg
File: color.cfg 2016/01/02 v1.6 sample color configuration
)
Package xcolor Info: Driver file: pdftex.def on input line 274.
 (/usr/local/texlive/2025/texmf-dist/tex/latex/graphics/mathcolor.ltx)
Package xcolor Info: Model `cmy' substituted by `cmy0' on input line 1349.
Package xcolor Info: Model `hsb' substituted by `rgb' on input line 1353.
Package xcolor Info: Model `RGB' extended on input line 1365.
Package xcolor Info: Model `HTML' substituted by `rgb' on input line 1367.
Package xcolor Info: Model `Hsb' substituted by `hsb' on input line 1368.
Package xcolor Info: Model `tHsb' substituted by `hsb' on input line 1369.
Package xcolor Info: Model `HSB' substituted by `hsb' on input line 1370.
Package xcolor Info: Model `Gray' substituted by `gray' on input line 1371.
Package xcolor Info: Model `wave' substituted by `hsb' on input line 1372.
)
LaTeX Font Info:    Trying to load font information for T1+lmr on input line 43.
 (/usr/local/texlive/2025/texmf-dist/tex/latex/lm/t1lmr.fd
File: t1lmr.fd 2015/05/01 v1.6.1 Font defs for Latin Modern
) (/usr/local/texlive/2025/texmf-dist/tex/latex/l3backend/l3backend-pdftex.def
File: l3backend-pdftex.def 2024-05-08 L3 backend support: PDF output (pdfTeX)
\l__color_backend_stack_int=\count311
\l__pdf_internal_box=\box67
) (./Quiwa_Salvador_FoodClassifier.aux)
\openout1 = `Quiwa_Salvador_FoodClassifier.aux'.

LaTeX Font Info:    Checking defaults for OML/cmm/m/it on input line 43.
LaTeX Font Info:    ... okay on input line 43.
LaTeX Font Info:    Checking defaults for OMS/cmsy/m/n on input line 43.
LaTeX Font Info:    ... okay on input line 43.
LaTeX Font Info:    Checking defaults for OT1/cmr/m/n on input line 43.
LaTeX Font Info:    ... okay on input line 43.
LaTeX Font Info:    Checking defaults for T1/cmr/m/n on input line 43.
LaTeX Font Info:    ... okay on input line 43.
LaTeX Font Info:    Checking defaults for TS1/cmr/m/n on input line 43.
LaTeX Font Info:    ... okay on input line 43.
LaTeX Font Info:    Checking defaults for OMX/cmex/m/n on input line 43.
LaTeX Font Info:    ... okay on input line 43.
LaTeX Font Info:    Checking defaults for U/cmr/m/n on input line 43.
LaTeX Font Info:    ... okay on input line 43.
 (/usr/local/texlive/2025/texmf-dist/tex/context/base/mkii/supp-pdf.mkii
[Loading MPS to PDF converter (version 2006.09.02).]
\scratchcounter=\count312
\scratchdimen=\dimen188
\scratchbox=\box68
\nofMPsegments=\count313
\nofMParguments=\count314
\everyMPshowfont=\toks46
\MPscratchCnt=\count315
\MPscratchDim=\dimen189
\MPnumerator=\count316
\makeMPintoPDFobject=\count317
\everyMPtoPDFconversion=\toks47
) (/usr/local/texlive/2025/texmf-dist/tex/latex/epstopdf-pkg/epstopdf-base.sty
Package: epstopdf-base 2020-01-24 v2.11 Base part for package epstopdf
Package epstopdf-base Info: Redefining graphics rule for `.eps' on input line 485.
 (/usr/local/texlive/2025/texmf-dist/tex/latex/latexconfig/epstopdf-sys.cfg
File: epstopdf-sys.cfg 2010/07/13 v1.3 Configuration of (r)epstopdf for TeX Live
))
\c@lstlisting=\count318
LaTeX Font Info:    Trying to load font information for OT1+lmr on input line 61.
 (/usr/local/texlive/2025/texmf-dist/tex/latex/lm/ot1lmr.fd
File: ot1lmr.fd 2015/05/01 v1.6.1 Font defs for Latin Modern
)
LaTeX Font Info:    Trying to load font information for OML+lmm on input line 61.
 (/usr/local/texlive/2025/texmf-dist/tex/latex/lm/omllmm.fd
File: omllmm.fd 2015/05/01 v1.6.1 Font defs for Latin Modern
)
LaTeX Font Info:    Trying to load font information for OMS+lmsy on input line 61.
 (/usr/local/texlive/2025/texmf-dist/tex/latex/lm/omslmsy.fd
File: omslmsy.fd 2015/05/01 v1.6.1 Font defs for Latin Modern
)
LaTeX Font Info:    Trying to load font information for OMX+lmex on input line 61.
 (/usr/local/texlive/2025/texmf-dist/tex/latex/lm/omxlmex.fd
File: omxlmex.fd 2015/05/01 v1.6.1 Font defs for Latin Modern
)
LaTeX Font Info:    External font `lmex10' loaded for size
(Font)              <9> on input line 61.
LaTeX Font Info:    External font `lmex10' loaded for size
(Font)              <6> on input line 61.
LaTeX Font Info:    External font `lmex10' loaded for size
(Font)              <5> on input line 61.
LaTeX Font Info:    Trying to load font information for U+msa on input line 61.
 (/usr/local/texlive/2025/texmf-dist/tex/latex/amsfonts/umsa.fd
File: umsa.fd 2013/01/14 v3.01 AMS symbols A
)
LaTeX Font Info:    Trying to load font information for U+msb on input line 61.
 (/usr/local/texlive/2025/texmf-dist/tex/latex/amsfonts/umsb.fd
File: umsb.fd 2013/01/14 v3.01 AMS symbols B
)
LaTeX Font Info:    Trying to load font information for U+lasy on input line 61.
 (/usr/local/texlive/2025/texmf-dist/tex/latex/base/ulasy.fd
File: ulasy.fd 1998/08/17 v2.2e LaTeX symbol font definitions
)



[1{/usr/local/texlive/2025/texmf-var/fonts/map/pdftex/updmap/pdftex.map}{/usr/local/texlive/2025/texmf-dist/fonts/enc/dvips/base/8r.enc}


{/usr/local/texlive/2025/texmf-dist/fonts/enc/dvips/lm/lm-ec.enc}]


Overfull \hbox (2.84496pt too wide) in paragraph at lines 131--132
[]\T1/lmr/m/n/9 2. The rows were la-beled as "En-durance" if the food macronu-
 []

(/usr/local/texlive/2025/texmf-dist/tex/latex/listings/lstlang1.sty
File: lstlang1.sty 2024/09/23 1.10c listings language file
)
LaTeX Font Info:    Trying to load font information for T1+lmtt on input line 137.
 (/usr/local/texlive/2025/texmf-dist/tex/latex/lm/t1lmtt.fd
File: t1lmtt.fd 2015/05/01 v1.6.1 Font defs for Latin Modern
)
LaTeX Font Info:    Font shape `T1/lmtt/bx/n' in size <9> not available
(Font)              Font shape `T1/lmtt/b/n' tried instead on input line 138.

Underfull \vbox (badness 10000) has occurred while \output is active []



[2]
Underfull \hbox (badness 10000) in paragraph at lines 194--194
[]|\T1/lmr/m/n/9 sklearn.
 []


Underfull \hbox (badness 10000) in paragraph at lines 194--195
[]|\T1/lmr/m/n/9 Adaboost
 []


Underfull \hbox (badness 10000) in paragraph at lines 196--196
[]|\T1/lmr/m/n/9 sklearn.naive
 []


Overfull \hbox (1.17215pt too wide) in paragraph at lines 198--198
[]|\T1/lmr/m/n/9 sklearn.neural
 []


Overfull \hbox (1.96725pt too wide) in paragraph at lines 198--198
[]|\T1/lmr/m/n/9 MLPClassifier| 
 []


Underfull \hbox (badness 10000) in paragraph at lines 199--199
[]|\T1/lmr/m/n/9 sklearn.
 []


Underfull \hbox (badness 10000) in paragraph at lines 199--199
[]|\T1/lmr/m/n/9 Standard
 []


Underfull \hbox (badness 2671) in paragraph at lines 199--199
[]|\T1/lmr/m/n/9 Standard Scaler stan-dard-
 []


Overfull \hbox (6.0615pt too wide) in paragraph at lines 200--200
[]|\T1/lmr/m/n/9 GridSearchCV;
 []


Underfull \hbox (badness 10000) in paragraph at lines 200--200
\T1/lmr/m/n/9 train
 []


Underfull \hbox (badness 10000) in paragraph at lines 200--200
\T1/lmr/m/n/9 _test_split;
 []


Underfull \hbox (badness 10000) in paragraph at lines 200--200
\T1/lmr/m/n/9 cross
 []


Underfull \hbox (badness 10000) in paragraph at lines 200--200
[]|\T1/lmr/m/n/9 GridSearchCV it-er-ates
 []


Underfull \hbox (badness 1418) in paragraph at lines 200--200
\T1/lmr/m/n/9 to iden-tify the best com-
 []


Underfull \hbox (badness 10000) in paragraph at lines 200--200
\T1/lmr/m/n/9 es-tab-lishes strat-i-fi-ca-tion
 []


Underfull \hbox (badness 4072) in paragraph at lines 200--200
\T1/lmr/m/n/9 to keep ra-tio of classes.
 []


Underfull \hbox (badness 10000) in paragraph at lines 200--200
\T1/lmr/m/n/9 cross_val_score com-putes
 []


Underfull \hbox (badness 10000) in paragraph at lines 201--201
[]|\T1/lmr/m/n/9 sklearn.
 []


Underfull \hbox (badness 10000) in paragraph at lines 201--201
[]|\T1/lmr/m/n/9 accuracy
 []


Underfull \hbox (badness 10000) in paragraph at lines 201--201
\T1/lmr/m/n/9 _score;
 []


Underfull \hbox (badness 10000) in paragraph at lines 201--201
\T1/lmr/m/n/9 f1_score;
 []


Underfull \hbox (badness 10000) in paragraph at lines 201--201
\T1/lmr/m/n/9 clas-si-fi-ca-
 []


Underfull \hbox (badness 10000) in paragraph at lines 201--201
\T1/lmr/m/n/9 tion_report;
 []


Underfull \hbox (badness 10000) in paragraph at lines 201--201
\T1/lmr/m/n/9 con-fu-
 []


Underfull \hbox (badness 10000) in paragraph at lines 201--201
\T1/lmr/m/n/9 sion_matrix;
 []


Underfull \hbox (badness 10000) in paragraph at lines 201--201
\T1/lmr/m/n/9 Con-fu-sion-
 []


Underfull \hbox (badness 10000) in paragraph at lines 201--201
\T1/lmr/m/n/9 Ma-trixDis-
 []


Underfull \hbox (badness 1701) in paragraph at lines 201--201
\T1/lmr/m/n/9 rics used to com-pare the
 []


Underfull \hbox (badness 10000) in paragraph at lines 202--202
[]|\T1/lmr/m/n/9 sklearn.
 []


Overfull \hbox (8.1969pt too wide) in paragraph at lines 191--205
 [][] 
 []


Underfull \vbox (badness 10000) has occurred while \output is active []




Underfull \vbox (badness 10000) has occurred while \output is active []



[3]
Overfull \hbox (7.65382pt too wide) in paragraph at lines 232--233
\T1/lmr/m/n/9 de-ter-mines how far the in-flu-ence of each train-ing point reaches.
 []


Underfull \hbox (badness 4967) in paragraph at lines 236--237
\T1/lmr/m/n/9 was then used to eval-u-ate the fi-nal SVM model.
 []


Underfull \hbox (badness 10000) in paragraph at lines 236--237

 []


Underfull \vbox (badness 10000) has occurred while \output is active []




Underfull \vbox (badness 10000) has occurred while \output is active []



[4]
<naive_bayes_confusion_matrix.png, id=22, 420.6114pt x 312.2064pt>
File: naive_bayes_confusion_matrix.png Graphic file (type png)
<use naive_bayes_confusion_matrix.png>
Package pdftex.def Info: naive_bayes_confusion_matrix.png  used on input line 315.
(pdftex.def)             Requested size: 240.0pt x 178.14052pt.
<mlp_confusion_matrix.png, id=24, 420.6114pt x 328.8285pt>
File: mlp_confusion_matrix.png Graphic file (type png)
<use mlp_confusion_matrix.png>
Package pdftex.def Info: mlp_confusion_matrix.png  used on input line 321.
(pdftex.def)             Requested size: 240.0pt x 187.62485pt.

Underfull \vbox (badness 10000) has occurred while \output is active []



<adaboost_confusion_matrix.png, id=25, 420.6114pt x 328.8285pt>
File: adaboost_confusion_matrix.png Graphic file (type png)
<use adaboost_confusion_matrix.png>
Package pdftex.def Info: adaboost_confusion_matrix.png  used on input line 327.
(pdftex.def)             Requested size: 240.0pt x 187.62485pt.
<svm_confusion_matrix.png, id=26, 420.6114pt x 312.2064pt>
File: svm_confusion_matrix.png Graphic file (type png)
<use svm_confusion_matrix.png>
Package pdftex.def Info: svm_confusion_matrix.png  used on input line 333.
(pdftex.def)             Requested size: 240.0pt x 178.14052pt.

Underfull \vbox (badness 10000) has occurred while \output is active []



[5 <./naive_bayes_confusion_matrix.png> <./mlp_confusion_matrix.png> <./adaboost_confusion_matrix.png> <./svm_confusion_matrix.png>]
Overfull \hbox (6.8587pt too wide) in paragraph at lines 339--340
[]\T1/lmr/bx/n/9 MLP \T1/lmr/m/n/9 achieved the next best F1-score at 96.15% which showed
 []


Overfull \hbox (10.22594pt too wide) in paragraph at lines 350--352
\T1/lmr/m/n/9 show sta-tis-ti-cally sig-nif-i-cant dif-fer-ences among the three classes
 []


Underfull \vbox (badness 10000) has occurred while \output is active []




Underfull \vbox (badness 10000) has occurred while \output is active []



[6{/usr/local/texlive/2025/texmf-dist/fonts/enc/dvips/lm/lm-rm.enc}{/usr/local/texlive/2025/texmf-dist/fonts/enc/dvips/lm/lm-mathit.enc}{/usr/local/texlive/2025/texmf-dist/fonts/enc/dvips/lm/lm-mathsy.enc}]
Overfull \hbox (1.84604pt too wide) in paragraph at lines 436--436
 []|\T1/lmr/bx/n/9 Endurance|
 []


Underfull \hbox (badness 10000) in paragraph at lines 462--462
[]|\T1/lmr/m/n/9 Mono-
 []


Underfull \hbox (badness 10000) in paragraph at lines 462--462
\T1/lmr/m/n/9 unsaturated
 []


Underfull \hbox (badness 10000) in paragraph at lines 464--464
[]|\T1/lmr/m/n/9 Poly-unsaturated
 []


Underfull \vbox (badness 10000) has occurred while \output is active []




Underfull \vbox (badness 10000) has occurred while \output is active []



[7]
Underfull \hbox (badness 10000) in paragraph at lines 479--480
[]\T1/lmr/m/n/9 [2] Bet-ter Health Chan-nel, ^^PSport-ing per-for-
 []


Underfull \hbox (badness 10000) in paragraph at lines 479--480
\T1/lmr/m/n/9 mance and food,^^Q Vic.gov.au, Apr. 17, 2023.
 []


Underfull \hbox (badness 10000) in paragraph at lines 479--480
\T1/lmtt/m/n/9 https : / / www . betterhealth . vic . gov . au / health /
 []


Underfull \hbox (badness 1048) in paragraph at lines 483--484
[]\T1/lmr/m/n/9 [4] E. R. Helms, A. A. Aragon, and P. J. Fitschen,
 []


Underfull \hbox (badness 5726) in paragraph at lines 485--486
[]\T1/lmr/m/n/9 [5] ^^PDI-ETARY CAR-BO-HY-DRATE AND THE EN-
 []


Underfull \hbox (badness 10000) in paragraph at lines 485--486
\T1/lmr/m/n/9 DURANCE ATH-LETE: CON-TEM-PO-RARY PER-
 []


Underfull \hbox (badness 10000) in paragraph at lines 485--486
\T1/lmr/m/n/9 SPEC-TIVES,^^Q Gatorade Sports Sci-ence In-sti-tute,
 []


Underfull \hbox (badness 1158) in paragraph at lines 485--486
\T1/lmr/m/n/9 2022. https://www.gssiweb.org/research/article/dietary-
 []


Underfull \hbox (badness 10000) in paragraph at lines 485--486
\T1/lmr/m/n/9 carbohydrate-and-the-endurance-athlete-contemporary-
 []


Underfull \hbox (badness 1466) in paragraph at lines 487--488
\T1/lmr/m/n/9 pub-lisher.com, 2025. $\T1/lmtt/m/n/9 https : / / www . shmpublisher . com /
 []


Underfull \hbox (badness 1325) in paragraph at lines 491--492
\T1/lmr/m/n/9 Sys-tem in Aca-demic En-vi-ron-ments Based on Ma-chine
 []


Underfull \hbox (badness 1303) in paragraph at lines 497--498
\T1/lmtt/m/n/9 1186 / s12970-[]018-[]0215-[]1$\T1/lmr/m/n/9 . PMID: 29497353; PM-CID:
 []


Underfull \vbox (badness 10000) has occurred while \output is active []





[8] (./Quiwa_Salvador_FoodClassifier.aux)
 ***********
LaTeX2e <2024-11-01> patch level 2
L3 programming layer <2025-01-18>
 ***********
 ) 
Here is how much of TeX's memory you used:
 5982 strings out of 473190
 85654 string characters out of 5715800
 718409 words of memory out of 5000000
 29131 multiletter control sequences out of 15000+600000
 592622 words of font info for 80 fonts, out of 8000000 for 9000
 1141 hyphenation exceptions out of 8191
 87i,12n,93p,1238b,1814s stack positions out of 10000i,1000n,20000p,200000b,200000s
</usr/local/texlive/2025/texmf-dist/fonts/type1/public/lm/lmbx9.pfb></usr/local/texlive/2025/texmf-dist/fonts/type1/public/lm/lmmi9.pfb></usr/local/texlive/2025/texmf-dist/fonts/type1/public/lm/lmr6.pfb></usr/local/texlive/2025/texmf-dist/fonts/type1/public/lm/lmr9.pfb></usr/local/texlive/2025/texmf-dist/fonts/type1/public/lm/lmsy6.pfb></usr/local/texlive/2025/texmf-dist/fonts/type1/public/lm/lmsy9.pfb></usr/local/texlive/2025/texmf-dist/fonts/type1/public/lm/lmtk10.pfb></usr/local/texlive/2025/texmf-dist/fonts/type1/public/lm/lmtt9.pfb></usr/local/texlive/2025/texmf-dist/fonts/type1/urw/helvetic/uhvb8a.pfb></usr/local/texlive/2025/texmf-dist/fonts/type1/urw/helvetic/uhvr8a.pfb></usr/local/texlive/2025/texmf-dist/fonts/type1/urw/times/utmb8a.pfb>
Output written on Quiwa_Salvador_FoodClassifier.pdf (8 pages, 310224 bytes).
PDF statistics:
 103 PDF objects out of 1000 (max. 8388607)
 61 compressed objects within 1 object stream
 0 named destinations out of 1000 (max. 500000)
 21 words of extra memory for PDF output out of 10000 (max. 10000000)

